<?xml version="1.0" encoding="UTF-8"?>
<testsuite name="Input Validation" tests="4" skipped="0" failures="0" errors="0" timestamp="2026-01-12T03:50:13" hostname="brendan-laptop" time="0.785">
  <properties/>
  <testcase name="Empty email shows error" classname="com.lionreader.ui.auth.LoginViewModelTest$InputValidation" time="0.633"/>
  <testcase name="Empty password shows error" classname="com.lionreader.ui.auth.LoginViewModelTest$InputValidation" time="0.005"/>
  <testcase name="Valid email formats are accepted" classname="com.lionreader.ui.auth.LoginViewModelTest$InputValidation" time="0.137"/>
  <testcase name="Invalid email format shows error" classname="com.lionreader.ui.auth.LoginViewModelTest$InputValidation" time="0.002"/>
  <system-out><![CDATA[]]></system-out>
  <system-err><![CDATA[SLF4J(W): No SLF4J providers were found.
SLF4J(W): Defaulting to no-operation (NOP) logger implementation
SLF4J(W): See https://www.slf4j.org/codes.html#noProviders for further details.
WARNING: A Java agent has been loaded dynamically (/home/brendanlong/.gradle/caches/modules-2/files-2.1/net.bytebuddy/byte-buddy-agent/1.14.17/e3c251a39dc90badaf71c83427ba46840f219d8d/byte-buddy-agent-1.14.17.jar)
WARNING: If a serviceability tool is in use, please run with -XX:+EnableDynamicAgentLoading to hide this warning
WARNING: If a serviceability tool is not in use, please run with -Djdk.instrument.traceUsage for more information
WARNING: Dynamic loading of agents will be disallowed by default in a future release
]]></system-err>
</testsuite>
