<?xml version="1.0" encoding="UTF-8"?>
<testsuite name="Toggle Read/Star Actions" tests="2" skipped="0" failures="0" errors="0" timestamp="2026-01-12T03:50:14" hostname="brendan-laptop" time="0.023">
  <properties/>
  <testcase name="Toggle read calls repository" classname="com.lionreader.ui.entries.EntryListViewModelTest$ToggleActions" time="0.019"/>
  <testcase name="Toggle star calls repository" classname="com.lionreader.ui.entries.EntryListViewModelTest$ToggleActions" time="0.004"/>
  <system-out><![CDATA[]]></system-out>
  <system-err><![CDATA[]]></system-err>
</testsuite>
