<?xml version="1.0" encoding="UTF-8"?>
<testsuite name="Connectivity State" tests="2" skipped="0" failures="0" errors="0" timestamp="2026-01-12T03:50:13" hostname="brendan-laptop" time="0.339">
  <properties/>
  <testcase name="Initial state reflects connectivity" classname="com.lionreader.ui.entries.EntryListViewModelTest$ConnectivityState" time="0.332"/>
  <testcase name="Connectivity changes are observed" classname="com.lionreader.ui.entries.EntryListViewModelTest$ConnectivityState" time="0.007"/>
  <system-out><![CDATA[]]></system-out>
  <system-err><![CDATA[]]></system-err>
</testsuite>
