<?xml version="1.0" encoding="UTF-8"?>
<testsuite name="Initial State" tests="3" skipped="0" failures="0" errors="0" timestamp="2026-01-12T03:50:14" hostname="brendan-laptop" time="0.013">
  <properties/>
  <testcase name="Initial state shows 'All' title" classname="com.lionreader.ui.entries.EntryListViewModelTest$InitialState" time="0.004"/>
  <testcase name="Initial state has default sort order newest" classname="com.lionreader.ui.entries.EntryListViewModelTest$InitialState" time="0.004"/>
  <testcase name="Initial state unread only is false" classname="com.lionreader.ui.entries.EntryListViewModelTest$InitialState" time="0.004"/>
  <system-out><![CDATA[]]></system-out>
  <system-err><![CDATA[]]></system-err>
</testsuite>
