<?xml version="1.0" encoding="UTF-8"?>
<testsuite name="State Properties" tests="5" skipped="0" failures="0" errors="0" timestamp="2026-01-12T03:50:08" hostname="brendan-laptop" time="0.004">
  <properties/>
  <testcase name="RateLimited isError returns true" classname="com.lionreader.data.api.ApiResultTest$StateProperties" time="0.001"/>
  <testcase name="Unauthorized isError returns true" classname="com.lionreader.data.api.ApiResultTest$StateProperties" time="0.001"/>
  <testcase name="Success isSuccess returns true" classname="com.lionreader.data.api.ApiResultTest$StateProperties" time="0.001"/>
  <testcase name="Error isError returns true" classname="com.lionreader.data.api.ApiResultTest$StateProperties" time="0.001"/>
  <testcase name="NetworkError isError returns true" classname="com.lionreader.data.api.ApiResultTest$StateProperties" time="0.0"/>
  <system-out><![CDATA[]]></system-out>
  <system-err><![CDATA[]]></system-err>
</testsuite>
