<?xml version="1.0" encoding="UTF-8"?>
<testsuite name="Error details" tests="4" skipped="0" failures="0" errors="0" timestamp="2026-01-12T03:50:08" hostname="brendan-laptop" time="0.005">
  <properties/>
  <testcase name="Error can include details map" classname="com.lionreader.data.api.ApiResultTest$ErrorDetails" time="0.0"/>
  <testcase name="Error details default to null" classname="com.lionreader.data.api.ApiResultTest$ErrorDetails" time="0.001"/>
  <testcase name="RateLimited can include retry delay" classname="com.lionreader.data.api.ApiResultTest$ErrorDetails" time="0.001"/>
  <testcase name="RateLimited retry delay defaults to null" classname="com.lionreader.data.api.ApiResultTest$ErrorDetails" time="0.0"/>
  <system-out><![CDATA[]]></system-out>
  <system-err><![CDATA[]]></system-err>
</testsuite>
