<?xml version="1.0" encoding="UTF-8"?>
<testsuite name="Login Success" tests="2" skipped="0" failures="0" errors="0" timestamp="2026-01-12T03:50:09" hostname="brendan-laptop" time="0.038">
  <properties/>
  <testcase name="Successful login emits LoginSuccess event" classname="com.lionreader.ui.auth.LoginViewModelTest$LoginSuccess" time="0.031"/>
  <testcase name="Successful login clears loading state" classname="com.lionreader.ui.auth.LoginViewModelTest$LoginSuccess" time="0.006"/>
  <system-out><![CDATA[]]></system-out>
  <system-err><![CDATA[]]></system-err>
</testsuite>
