<?xml version="1.0" encoding="UTF-8"?>
<testsuite name="map" tests="5" skipped="0" failures="0" errors="0" timestamp="2026-01-12T03:50:08" hostname="brendan-laptop" time="0.004">
  <properties/>
  <testcase name="Unauthorized propagates unchanged" classname="com.lionreader.data.api.ApiResultTest$Map" time="0.0"/>
  <testcase name="Error propagates unchanged" classname="com.lionreader.data.api.ApiResultTest$Map" time="0.0"/>
  <testcase name="Success transforms data" classname="com.lionreader.data.api.ApiResultTest$Map" time="0.001"/>
  <testcase name="NetworkError propagates unchanged" classname="com.lionreader.data.api.ApiResultTest$Map" time="0.001"/>
  <testcase name="RateLimited propagates unchanged" classname="com.lionreader.data.api.ApiResultTest$Map" time="0.001"/>
  <system-out><![CDATA[]]></system-out>
  <system-err><![CDATA[]]></system-err>
</testsuite>
